Performing C++ SOURCE FILE Test CMAKE_HAVE_LIBC_PTHREAD failed with the following output:
Change Dir: /home/useralex/cppunittest/build/CMakeFiles/CMakeTmp

Run Build Command(s):/usr/bin/make cmTC_3f7b8/fast && /usr/bin/make -f CMakeFiles/cmTC_3f7b8.dir/build.make CMakeFiles/cmTC_3f7b8.dir/build
make[1]: Entering directory '/home/useralex/cppunittest/build/CMakeFiles/CMakeTmp'
Building CXX object CMakeFiles/cmTC_3f7b8.dir/src.cxx.o
/usr/bin/c++    -DCMAKE_HAVE_LIBC_PTHREAD   -std=gnu++17 -o CMakeFiles/cmTC_3f7b8.dir/src.cxx.o -c /home/useralex/cppunittest/build/CMakeFiles/CMakeTmp/src.cxx
Linking CXX executable cmTC_3f7b8
/usr/bin/cmake -E cmake_link_script CMakeFiles/cmTC_3f7b8.dir/link.txt --verbose=1
/usr/bin/c++   -DCMAKE_HAVE_LIBC_PTHREAD    CMakeFiles/cmTC_3f7b8.dir/src.cxx.o  -o cmTC_3f7b8 
/usr/bin/ld: CMakeFiles/cmTC_3f7b8.dir/src.cxx.o: in function `main':
src.cxx:(.text+0x2d): undefined reference to `pthread_create'
/usr/bin/ld: src.cxx:(.text+0x39): undefined reference to `pthread_detach'
/usr/bin/ld: src.cxx:(.text+0x4a): undefined reference to `pthread_join'
collect2: ошибка: выполнение ld завершилось с кодом возврата 1
make[1]: *** [CMakeFiles/cmTC_3f7b8.dir/build.make:87: cmTC_3f7b8] Error 1
make[1]: Leaving directory '/home/useralex/cppunittest/build/CMakeFiles/CMakeTmp'
make: *** [Makefile:121: cmTC_3f7b8/fast] Error 2


Source file was:
#include <pthread.h>

void* test_func(void* data)
{
  return data;
}

int main(void)
{
  pthread_t thread;
  pthread_create(&thread, NULL, test_func, NULL);
  pthread_detach(thread);
  pthread_join(thread, NULL);
  pthread_atfork(NULL, NULL, NULL);
  pthread_exit(NULL);

  return 0;
}

Determining if the function pthread_create exists in the pthreads failed with the following output:
Change Dir: /home/useralex/cppunittest/build/CMakeFiles/CMakeTmp

Run Build Command(s):/usr/bin/make cmTC_bdc91/fast && /usr/bin/make -f CMakeFiles/cmTC_bdc91.dir/build.make CMakeFiles/cmTC_bdc91.dir/build
make[1]: Entering directory '/home/useralex/cppunittest/build/CMakeFiles/CMakeTmp'
Building CXX object CMakeFiles/cmTC_bdc91.dir/CheckFunctionExists.cxx.o
/usr/bin/c++    -DCHECK_FUNCTION_EXISTS=pthread_create   -std=gnu++17 -o CMakeFiles/cmTC_bdc91.dir/CheckFunctionExists.cxx.o -c /home/useralex/cppunittest/build/CMakeFiles/CheckLibraryExists/CheckFunctionExists.cxx
Linking CXX executable cmTC_bdc91
/usr/bin/cmake -E cmake_link_script CMakeFiles/cmTC_bdc91.dir/link.txt --verbose=1
/usr/bin/c++   -DCHECK_FUNCTION_EXISTS=pthread_create    CMakeFiles/cmTC_bdc91.dir/CheckFunctionExists.cxx.o  -o cmTC_bdc91  -lpthreads 
/usr/bin/ld: cannot find -lpthreads
collect2: ошибка: выполнение ld завершилось с кодом возврата 1
make[1]: *** [CMakeFiles/cmTC_bdc91.dir/build.make:87: cmTC_bdc91] Error 1
make[1]: Leaving directory '/home/useralex/cppunittest/build/CMakeFiles/CMakeTmp'
make: *** [Makefile:121: cmTC_bdc91/fast] Error 2



